2019-12-04 12:35:09 [Thread:main][ Class:Main >> Method: Main.main(Main.java:40) ]
INFO:Basic information:
2019-12-04 12:35:09 [Thread:main][ Class:util.GraphImport >> Method: util.GraphImport.load(GraphImport.java:29) ]
INFO:loading graph...: datasets\musae_facebook_edges.txt
2019-12-04 12:35:09 [Thread:main][ Class:util.GraphImport >> Method: util.GraphImport.load(GraphImport.java:62) ]
INFO:graph was loaded: datasets\musae_facebook_edges.txt
2019-12-04 12:35:09 [Thread:main][ Class:util.RandomUtils >> Method: util.RandomUtils.getRandomSetFromSet(RandomUtils.java:89) ]
INFO:Start get random set from set - asu:1024/170823
2019-12-04 12:35:13 [Thread:main][ Class:util.RandomUtils >> Method: util.RandomUtils.getRandomSetFromSet(RandomUtils.java:106) ]
INFO:Start get random set from set - rel:1024/170823
2019-12-04 12:35:15 [Thread:main][ Class:algorithm.TrussDecomp >> Method: algorithm.TrussDecomp.run(TrussDecomp.java:26) ]
INFO:computing truss decomposition...
2019-12-04 12:35:18 [Thread:main][ Class:algorithm.TrussDecomp >> Method: algorithm.TrussDecomp.run(TrussDecomp.java:57) ]
INFO:Progress:0/170823
2019-12-04 12:35:29 [Thread:main][ Class:algorithm.TrussDecomp >> Method: algorithm.TrussDecomp.run(TrussDecomp.java:57) ]
INFO:Progress:18631/170823
2019-12-04 12:35:39 [Thread:main][ Class:algorithm.TrussDecomp >> Method: algorithm.TrussDecomp.run(TrussDecomp.java:57) ]
INFO:Progress:35759/170823
2019-12-04 12:35:47 [Thread:main][ Class:algorithm.TrussDecomp >> Method: algorithm.TrussDecomp.run(TrussDecomp.java:57) ]
INFO:Progress:49373/170823
2019-12-04 12:35:54 [Thread:main][ Class:algorithm.TrussDecomp >> Method: algorithm.TrussDecomp.run(TrussDecomp.java:57) ]
INFO:Progress:61279/170823
2019-12-04 12:36:00 [Thread:main][ Class:algorithm.TrussDecomp >> Method: algorithm.TrussDecomp.run(TrussDecomp.java:57) ]
INFO:Progress:72212/170823
2019-12-04 12:36:05 [Thread:main][ Class:algorithm.TrussDecomp >> Method: algorithm.TrussDecomp.run(TrussDecomp.java:57) ]
INFO:Progress:81792/170823
2019-12-04 12:36:09 [Thread:main][ Class:algorithm.TrussDecomp >> Method: algorithm.TrussDecomp.run(TrussDecomp.java:57) ]
INFO:Progress:90259/170823
2019-12-04 12:36:12 [Thread:main][ Class:algorithm.TrussDecomp >> Method: algorithm.TrussDecomp.run(TrussDecomp.java:57) ]
INFO:Progress:97725/170823
2019-12-04 12:36:15 [Thread:main][ Class:algorithm.TrussDecomp >> Method: algorithm.TrussDecomp.run(TrussDecomp.java:57) ]
INFO:Progress:105037/170823
2019-12-04 12:36:18 [Thread:main][ Class:algorithm.TrussDecomp >> Method: algorithm.TrussDecomp.run(TrussDecomp.java:57) ]
INFO:Progress:111338/170823
2019-12-04 12:36:20 [Thread:main][ Class:algorithm.TrussDecomp >> Method: algorithm.TrussDecomp.run(TrussDecomp.java:57) ]
INFO:Progress:117715/170823
2019-12-04 12:36:21 [Thread:main][ Class:algorithm.TrussDecomp >> Method: algorithm.TrussDecomp.run(TrussDecomp.java:57) ]
INFO:Progress:122974/170823
2019-12-04 12:36:23 [Thread:main][ Class:algorithm.TrussDecomp >> Method: algorithm.TrussDecomp.run(TrussDecomp.java:57) ]
INFO:Progress:128149/170823
2019-12-04 12:36:24 [Thread:main][ Class:algorithm.TrussDecomp >> Method: algorithm.TrussDecomp.run(TrussDecomp.java:57) ]
INFO:Progress:133585/170823
2019-12-04 12:36:26 [Thread:main][ Class:algorithm.TrussDecomp >> Method: algorithm.TrussDecomp.run(TrussDecomp.java:57) ]
INFO:Progress:140115/170823
2019-12-04 12:36:27 [Thread:main][ Class:algorithm.TrussDecomp >> Method: algorithm.TrussDecomp.run(TrussDecomp.java:57) ]
INFO:Progress:144982/170823
2019-12-04 12:36:27 [Thread:main][ Class:algorithm.TrussDecomp >> Method: algorithm.TrussDecomp.run(TrussDecomp.java:57) ]
INFO:Progress:149194/170823
2019-12-04 12:36:28 [Thread:main][ Class:algorithm.TrussDecomp >> Method: algorithm.TrussDecomp.run(TrussDecomp.java:57) ]
INFO:Progress:152456/170823
2019-12-04 12:36:29 [Thread:main][ Class:algorithm.TrussDecomp >> Method: algorithm.TrussDecomp.run(TrussDecomp.java:57) ]
INFO:Progress:155674/170823
2019-12-04 12:36:29 [Thread:main][ Class:algorithm.TrussDecomp >> Method: algorithm.TrussDecomp.run(TrussDecomp.java:57) ]
INFO:Progress:157713/170823
2019-12-04 12:36:29 [Thread:main][ Class:algorithm.TrussDecomp >> Method: algorithm.TrussDecomp.run(TrussDecomp.java:57) ]
INFO:Progress:159454/170823
2019-12-04 12:36:29 [Thread:main][ Class:algorithm.TrussDecomp >> Method: algorithm.TrussDecomp.run(TrussDecomp.java:57) ]
INFO:Progress:161504/170823
2019-12-04 12:36:29 [Thread:main][ Class:algorithm.TrussDecomp >> Method: algorithm.TrussDecomp.run(TrussDecomp.java:57) ]
INFO:Progress:162437/170823
2019-12-04 12:36:30 [Thread:main][ Class:algorithm.TrussDecomp >> Method: algorithm.TrussDecomp.run(TrussDecomp.java:57) ]
INFO:Progress:164090/170823
2019-12-04 12:36:30 [Thread:main][ Class:algorithm.TrussDecomp >> Method: algorithm.TrussDecomp.run(TrussDecomp.java:57) ]
INFO:Progress:166727/170823
2019-12-04 12:36:30 [Thread:main][ Class:algorithm.TrussDecomp >> Method: algorithm.TrussDecomp.run(TrussDecomp.java:57) ]
INFO:Progress:166994/170823
2019-12-04 12:36:30 [Thread:main][ Class:algorithm.TrussDecomp >> Method: algorithm.TrussDecomp.run(TrussDecomp.java:57) ]
INFO:Progress:167205/170823
2019-12-04 12:36:30 [Thread:main][ Class:algorithm.TrussDecomp >> Method: algorithm.TrussDecomp.run(TrussDecomp.java:57) ]
INFO:Progress:169034/170823
2019-12-04 12:36:30 [Thread:main][ Class:algorithm.TrussDecomp >> Method: algorithm.TrussDecomp.run(TrussDecomp.java:57) ]
INFO:Progress:169034/170823
2019-12-04 12:36:30 [Thread:main][ Class:algorithm.TrussDecomp >> Method: algorithm.TrussDecomp.run(TrussDecomp.java:57) ]
INFO:Progress:169064/170823
2019-12-04 12:36:30 [Thread:main][ Class:algorithm.TrussDecomp >> Method: algorithm.TrussDecomp.run(TrussDecomp.java:57) ]
INFO:Progress:169064/170823
2019-12-04 12:36:30 [Thread:main][ Class:algorithm.TrussDecomp >> Method: algorithm.TrussDecomp.run(TrussDecomp.java:57) ]
INFO:Progress:169064/170823
2019-12-04 12:36:30 [Thread:main][ Class:algorithm.TrussDecomp >> Method: algorithm.TrussDecomp.run(TrussDecomp.java:57) ]
INFO:Progress:169064/170823
2019-12-04 12:36:30 [Thread:main][ Class:algorithm.TrussDecomp >> Method: algorithm.TrussDecomp.run(TrussDecomp.java:57) ]
INFO:Progress:169064/170823
2019-12-04 12:36:30 [Thread:main][ Class:algorithm.TrussDecomp >> Method: algorithm.TrussDecomp.run(TrussDecomp.java:57) ]
INFO:Progress:169064/170823
2019-12-04 12:36:30 [Thread:main][ Class:algorithm.TrussDecomp >> Method: algorithm.TrussDecomp.run(TrussDecomp.java:57) ]
INFO:Progress:169064/170823
2019-12-04 12:36:30 [Thread:main][ Class:algorithm.TrussDecomp >> Method: algorithm.TrussDecomp.run(TrussDecomp.java:57) ]
INFO:Progress:169064/170823
2019-12-04 12:36:30 [Thread:main][ Class:algorithm.TrussDecomp >> Method: algorithm.TrussDecomp.run(TrussDecomp.java:57) ]
INFO:Progress:169064/170823
2019-12-04 12:36:30 [Thread:main][ Class:algorithm.TrussDecomp >> Method: algorithm.TrussDecomp.run(TrussDecomp.java:57) ]
INFO:Progress:169064/170823
2019-12-04 12:36:30 [Thread:main][ Class:algorithm.TrussDecomp >> Method: algorithm.TrussDecomp.run(TrussDecomp.java:57) ]
INFO:Progress:169064/170823
2019-12-04 12:36:30 [Thread:main][ Class:algorithm.TrussDecomp >> Method: algorithm.TrussDecomp.run(TrussDecomp.java:57) ]
INFO:Progress:169064/170823
2019-12-04 12:36:30 [Thread:main][ Class:algorithm.TrussDecomp >> Method: algorithm.TrussDecomp.run(TrussDecomp.java:57) ]
INFO:Progress:169064/170823
2019-12-04 12:36:30 [Thread:main][ Class:algorithm.TrussDecomp >> Method: algorithm.TrussDecomp.run(TrussDecomp.java:57) ]
INFO:Progress:169064/170823
2019-12-04 12:36:30 [Thread:main][ Class:algorithm.TrussDecomp >> Method: algorithm.TrussDecomp.run(TrussDecomp.java:57) ]
INFO:Progress:169064/170823
2019-12-04 12:36:30 [Thread:main][ Class:algorithm.TrussDecomp >> Method: algorithm.TrussDecomp.run(TrussDecomp.java:57) ]
INFO:Progress:169064/170823
2019-12-04 12:36:30 [Thread:main][ Class:algorithm.TrussDecomp >> Method: algorithm.TrussDecomp.run(TrussDecomp.java:57) ]
INFO:Progress:169064/170823
2019-12-04 12:36:30 [Thread:main][ Class:algorithm.TrussDecomp >> Method: algorithm.TrussDecomp.run(TrussDecomp.java:57) ]
INFO:Progress:169064/170823
2019-12-04 12:36:30 [Thread:main][ Class:algorithm.TrussDecomp >> Method: algorithm.TrussDecomp.run(TrussDecomp.java:57) ]
INFO:Progress:169064/170823
2019-12-04 12:36:30 [Thread:main][ Class:algorithm.TrussDecomp >> Method: algorithm.TrussDecomp.run(TrussDecomp.java:57) ]
INFO:Progress:169064/170823
2019-12-04 12:36:30 [Thread:main][ Class:algorithm.TrussDecomp >> Method: algorithm.TrussDecomp.run(TrussDecomp.java:57) ]
INFO:Progress:169064/170823
2019-12-04 12:36:30 [Thread:main][ Class:algorithm.TrussDecomp >> Method: algorithm.TrussDecomp.run(TrussDecomp.java:57) ]
INFO:Progress:169064/170823
2019-12-04 12:36:30 [Thread:main][ Class:algorithm.TrussDecomp >> Method: algorithm.TrussDecomp.run(TrussDecomp.java:57) ]
INFO:Progress:169118/170823
2019-12-04 12:36:30 [Thread:main][ Class:algorithm.TrussDecomp >> Method: algorithm.TrussDecomp.run(TrussDecomp.java:57) ]
INFO:Progress:169118/170823
2019-12-04 12:36:31 [Thread:main][ Class:algorithm.TrussDecomp >> Method: algorithm.TrussDecomp.run(TrussDecomp.java:57) ]
INFO:Progress:170823/170823
2019-12-04 12:36:31 [Thread:main][ Class:algorithm.TrussDecomp >> Method: algorithm.TrussDecomp.run(TrussDecomp.java:26) ]
INFO:computing truss decomposition...
2019-12-04 12:36:32 [Thread:main][ Class:algorithm.TrussDecomp >> Method: algorithm.TrussDecomp.run(TrussDecomp.java:57) ]
INFO:Progress:0/169799
2019-12-04 12:36:41 [Thread:main][ Class:algorithm.TrussDecomp >> Method: algorithm.TrussDecomp.run(TrussDecomp.java:57) ]
INFO:Progress:18625/169799
2019-12-04 12:36:52 [Thread:main][ Class:algorithm.TrussDecomp >> Method: algorithm.TrussDecomp.run(TrussDecomp.java:57) ]
INFO:Progress:35834/169799
2019-12-04 12:37:00 [Thread:main][ Class:algorithm.TrussDecomp >> Method: algorithm.TrussDecomp.run(TrussDecomp.java:57) ]
INFO:Progress:49482/169799
2019-12-04 12:37:07 [Thread:main][ Class:algorithm.TrussDecomp >> Method: algorithm.TrussDecomp.run(TrussDecomp.java:57) ]
INFO:Progress:61537/169799
2019-12-04 12:37:13 [Thread:main][ Class:algorithm.TrussDecomp >> Method: algorithm.TrussDecomp.run(TrussDecomp.java:57) ]
INFO:Progress:72637/169799
2019-12-04 12:37:18 [Thread:main][ Class:algorithm.TrussDecomp >> Method: algorithm.TrussDecomp.run(TrussDecomp.java:57) ]
INFO:Progress:82059/169799
2019-12-04 12:37:22 [Thread:main][ Class:algorithm.TrussDecomp >> Method: algorithm.TrussDecomp.run(TrussDecomp.java:57) ]
INFO:Progress:90515/169799
2019-12-04 12:37:25 [Thread:main][ Class:algorithm.TrussDecomp >> Method: algorithm.TrussDecomp.run(TrussDecomp.java:57) ]
INFO:Progress:97828/169799
2019-12-04 12:37:28 [Thread:main][ Class:algorithm.TrussDecomp >> Method: algorithm.TrussDecomp.run(TrussDecomp.java:57) ]
INFO:Progress:104968/169799
2019-12-04 12:37:31 [Thread:main][ Class:algorithm.TrussDecomp >> Method: algorithm.TrussDecomp.run(TrussDecomp.java:57) ]
INFO:Progress:111606/169799
2019-12-04 12:37:33 [Thread:main][ Class:algorithm.TrussDecomp >> Method: algorithm.TrussDecomp.run(TrussDecomp.java:57) ]
INFO:Progress:118048/169799
2019-12-04 12:37:34 [Thread:main][ Class:algorithm.TrussDecomp >> Method: algorithm.TrussDecomp.run(TrussDecomp.java:57) ]
INFO:Progress:123018/169799
2019-12-04 12:37:36 [Thread:main][ Class:algorithm.TrussDecomp >> Method: algorithm.TrussDecomp.run(TrussDecomp.java:57) ]
INFO:Progress:128405/169799
2019-12-04 12:37:37 [Thread:main][ Class:algorithm.TrussDecomp >> Method: algorithm.TrussDecomp.run(TrussDecomp.java:57) ]
INFO:Progress:134485/169799
2019-12-04 12:37:39 [Thread:main][ Class:algorithm.TrussDecomp >> Method: algorithm.TrussDecomp.run(TrussDecomp.java:57) ]
INFO:Progress:140445/169799
2019-12-04 12:37:40 [Thread:main][ Class:algorithm.TrussDecomp >> Method: algorithm.TrussDecomp.run(TrussDecomp.java:57) ]
INFO:Progress:144835/169799
2019-12-04 12:37:41 [Thread:main][ Class:algorithm.TrussDecomp >> Method: algorithm.TrussDecomp.run(TrussDecomp.java:57) ]
INFO:Progress:149444/169799
2019-12-04 12:37:41 [Thread:main][ Class:algorithm.TrussDecomp >> Method: algorithm.TrussDecomp.run(TrussDecomp.java:57) ]
INFO:Progress:152604/169799
2019-12-04 12:37:41 [Thread:main][ Class:algorithm.TrussDecomp >> Method: algorithm.TrussDecomp.run(TrussDecomp.java:57) ]
INFO:Progress:155272/169799
2019-12-04 12:37:42 [Thread:main][ Class:algorithm.TrussDecomp >> Method: algorithm.TrussDecomp.run(TrussDecomp.java:57) ]
INFO:Progress:157023/169799
2019-12-04 12:37:42 [Thread:main][ Class:algorithm.TrussDecomp >> Method: algorithm.TrussDecomp.run(TrussDecomp.java:57) ]
INFO:Progress:159494/169799
2019-12-04 12:37:42 [Thread:main][ Class:algorithm.TrussDecomp >> Method: algorithm.TrussDecomp.run(TrussDecomp.java:57) ]
INFO:Progress:161195/169799
2019-12-04 12:37:42 [Thread:main][ Class:algorithm.TrussDecomp >> Method: algorithm.TrussDecomp.run(TrussDecomp.java:57) ]
INFO:Progress:161642/169799
2019-12-04 12:37:43 [Thread:main][ Class:algorithm.TrussDecomp >> Method: algorithm.TrussDecomp.run(TrussDecomp.java:57) ]
INFO:Progress:165628/169799
2019-12-04 12:37:43 [Thread:main][ Class:algorithm.TrussDecomp >> Method: algorithm.TrussDecomp.run(TrussDecomp.java:57) ]
INFO:Progress:165807/169799
2019-12-04 12:37:43 [Thread:main][ Class:algorithm.TrussDecomp >> Method: algorithm.TrussDecomp.run(TrussDecomp.java:57) ]
INFO:Progress:165987/169799
2019-12-04 12:37:43 [Thread:main][ Class:algorithm.TrussDecomp >> Method: algorithm.TrussDecomp.run(TrussDecomp.java:57) ]
INFO:Progress:166496/169799
2019-12-04 12:37:43 [Thread:main][ Class:algorithm.TrussDecomp >> Method: algorithm.TrussDecomp.run(TrussDecomp.java:57) ]
INFO:Progress:168052/169799
2019-12-04 12:37:43 [Thread:main][ Class:algorithm.TrussDecomp >> Method: algorithm.TrussDecomp.run(TrussDecomp.java:57) ]
INFO:Progress:168052/169799
2019-12-04 12:37:43 [Thread:main][ Class:algorithm.TrussDecomp >> Method: algorithm.TrussDecomp.run(TrussDecomp.java:57) ]
INFO:Progress:168052/169799
2019-12-04 12:37:43 [Thread:main][ Class:algorithm.TrussDecomp >> Method: algorithm.TrussDecomp.run(TrussDecomp.java:57) ]
INFO:Progress:168052/169799
2019-12-04 12:37:43 [Thread:main][ Class:algorithm.TrussDecomp >> Method: algorithm.TrussDecomp.run(TrussDecomp.java:57) ]
INFO:Progress:168052/169799
2019-12-04 12:37:43 [Thread:main][ Class:algorithm.TrussDecomp >> Method: algorithm.TrussDecomp.run(TrussDecomp.java:57) ]
INFO:Progress:168052/169799
2019-12-04 12:37:43 [Thread:main][ Class:algorithm.TrussDecomp >> Method: algorithm.TrussDecomp.run(TrussDecomp.java:57) ]
INFO:Progress:168052/169799
2019-12-04 12:37:43 [Thread:main][ Class:algorithm.TrussDecomp >> Method: algorithm.TrussDecomp.run(TrussDecomp.java:57) ]
INFO:Progress:168052/169799
2019-12-04 12:37:43 [Thread:main][ Class:algorithm.TrussDecomp >> Method: algorithm.TrussDecomp.run(TrussDecomp.java:57) ]
INFO:Progress:168052/169799
2019-12-04 12:37:43 [Thread:main][ Class:algorithm.TrussDecomp >> Method: algorithm.TrussDecomp.run(TrussDecomp.java:57) ]
INFO:Progress:168052/169799
2019-12-04 12:37:43 [Thread:main][ Class:algorithm.TrussDecomp >> Method: algorithm.TrussDecomp.run(TrussDecomp.java:57) ]
INFO:Progress:168052/169799
2019-12-04 12:37:43 [Thread:main][ Class:algorithm.TrussDecomp >> Method: algorithm.TrussDecomp.run(TrussDecomp.java:57) ]
INFO:Progress:168052/169799
2019-12-04 12:37:43 [Thread:main][ Class:algorithm.TrussDecomp >> Method: algorithm.TrussDecomp.run(TrussDecomp.java:57) ]
INFO:Progress:168052/169799
2019-12-04 12:37:43 [Thread:main][ Class:algorithm.TrussDecomp >> Method: algorithm.TrussDecomp.run(TrussDecomp.java:57) ]
INFO:Progress:168052/169799
2019-12-04 12:37:43 [Thread:main][ Class:algorithm.TrussDecomp >> Method: algorithm.TrussDecomp.run(TrussDecomp.java:57) ]
INFO:Progress:168052/169799
2019-12-04 12:37:43 [Thread:main][ Class:algorithm.TrussDecomp >> Method: algorithm.TrussDecomp.run(TrussDecomp.java:57) ]
INFO:Progress:168052/169799
2019-12-04 12:37:43 [Thread:main][ Class:algorithm.TrussDecomp >> Method: algorithm.TrussDecomp.run(TrussDecomp.java:57) ]
INFO:Progress:168052/169799
2019-12-04 12:37:43 [Thread:main][ Class:algorithm.TrussDecomp >> Method: algorithm.TrussDecomp.run(TrussDecomp.java:57) ]
INFO:Progress:168052/169799
2019-12-04 12:37:43 [Thread:main][ Class:algorithm.TrussDecomp >> Method: algorithm.TrussDecomp.run(TrussDecomp.java:57) ]
INFO:Progress:168052/169799
2019-12-04 12:37:43 [Thread:main][ Class:algorithm.TrussDecomp >> Method: algorithm.TrussDecomp.run(TrussDecomp.java:57) ]
INFO:Progress:168052/169799
2019-12-04 12:37:43 [Thread:main][ Class:algorithm.TrussDecomp >> Method: algorithm.TrussDecomp.run(TrussDecomp.java:57) ]
INFO:Progress:168052/169799
2019-12-04 12:37:43 [Thread:main][ Class:algorithm.TrussDecomp >> Method: algorithm.TrussDecomp.run(TrussDecomp.java:57) ]
INFO:Progress:168052/169799
2019-12-04 12:37:43 [Thread:main][ Class:algorithm.TrussDecomp >> Method: algorithm.TrussDecomp.run(TrussDecomp.java:57) ]
INFO:Progress:168052/169799
2019-12-04 12:37:43 [Thread:main][ Class:algorithm.TrussDecomp >> Method: algorithm.TrussDecomp.run(TrussDecomp.java:57) ]
INFO:Progress:168052/169799
2019-12-04 12:37:43 [Thread:main][ Class:algorithm.TrussDecomp >> Method: algorithm.TrussDecomp.run(TrussDecomp.java:57) ]
INFO:Progress:168106/169799
2019-12-04 12:37:43 [Thread:main][ Class:algorithm.TrussDecomp >> Method: algorithm.TrussDecomp.run(TrussDecomp.java:57) ]
INFO:Progress:169799/169799
2019-12-04 12:37:43 [Thread:main][ Class:Main >> Method: Main.main(Main.java:85) ]
INFO:==Algorithm 1: MultiEdgesInsertion========
2019-12-04 12:37:49 [Thread:main][ Class:algorithm.parallel.Parallel >> Method: algorithm.parallel.Parallel.edgesInsertion(Parallel.java:26) ]
INFO:Starting Parallel insert edges, threadNum:4
2019-12-04 12:37:49 [Thread:main][ Class:util.Export >> Method: util.Export.writeFile(Export.java:30) ]
INFO:Exporting graph... 
2019-12-04 12:37:49 [Thread:main][ Class:util.Export >> Method: util.Export.writeFile(Export.java:46) ]
INFO:Graph was exported.: outputs\TrussDecomp_musae_facebook_edges.txt_full
2019-12-04 12:37:49 [Thread:main][ Class:util.Export >> Method: util.Export.writeFile(Export.java:30) ]
INFO:Exporting graph... 
2019-12-04 12:37:49 [Thread:main][ Class:util.Export >> Method: util.Export.writeFile(Export.java:46) ]
INFO:Graph was exported.: outputs\TCPInsertionMulitiEdges_musae_facebook_edges.txt
2019-12-04 12:37:49 [Thread:main][ Class:util.Export >> Method: util.Export.writeFile(Export.java:30) ]
INFO:Exporting graph... 
2019-12-04 12:37:49 [Thread:main][ Class:util.Export >> Method: util.Export.writeFile(Export.java:46) ]
INFO:Graph was exported.: outputs\SupTrussEdges_musae_facebook_edges.txt
2019-12-04 12:37:49 [Thread:main][ Class:util.Export >> Method: util.Export.writeFile(Export.java:30) ]
INFO:Exporting graph... 
2019-12-04 12:37:50 [Thread:main][ Class:util.Export >> Method: util.Export.writeFile(Export.java:46) ]
INFO:Graph was exported.: outputs\ParaMultiEdgesInsertion_musae_facebook_edges.txt
